#
# There is insufficient memory for the Java Runtime Environment to continue.
# Native memory allocation (malloc) failed to allocate 262144 bytes for AllocateHeap
# Possible reasons:
#   The system is out of physical RAM or swap space
#   The process is running with CompressedOops enabled, and the Java Heap may be blocking the growth of the native heap
# Possible solutions:
#   Reduce memory load on the system
#   Increase physical memory or swap space
#   Check if swap backing store is full
#   Decrease Java heap size (-Xmx/-Xms)
#   Decrease number of Java threads
#   Decrease Java thread stack sizes (-Xss)
#   Set larger code cache with -XX:ReservedCodeCacheSize=
#   JVM is running with Unscaled Compressed Oops mode in which the Java heap is
#     placed in the first 4GB address space. The Java Heap base address is the
#     maximum limit for the native heap growth. Please use -XX:HeapBaseMinAddress
#     to set the Java Heap base and to place the Java Heap above 4GB virtual address.
# This output file may be truncated or incomplete.
#
#  Out of Memory Error (t:/workspace/open/src/hotspot/share/memory/allocation.cpp:46), pid=6064, tid=3700
#
# JRE version:  (12.0+33) (build )
# Java VM: Java HotSpot(TM) 64-Bit Server VM (12+33, mixed mode, sharing, tiered, compressed oops, g1 gc, windows-amd64)
# No core dump will be written. Minidumps are not enabled by default on client versions of Windows
#

---------------  S U M M A R Y ------------

Command Line: server.jar

Host: AMD A4-3400 APU with Radeon(tm) HD Graphics, 2 cores, 5G,  Windows 7 , 64 bit Build 7601 (6.1.7601.17514)
Time: Sun Jun 30 16:48:29 2019 Oeieyiaey (eaoi) elapsed time: 0 seconds (0d 0h 0m 0s)

---------------  T H R E A D  ---------------

Current thread (0x000000000039f800):  JavaThread "Unknown thread" [_thread_in_vm, id=3700, stack(0x0000000002170000,0x0000000002270000)]

Stack: [0x0000000002170000,0x0000000002270000]
Native frames: (J=compiled Java code, j=interpreted, Vv=VM code, C=native code)
V  [jvm.dll+0x63948a]
V  [jvm.dll+0x78b31f]
V  [jvm.dll+0x78c9c1]
V  [jvm.dll+0x78d013]
V  [jvm.dll+0x262138]
V  [jvm.dll+0xbcd7f]
V  [jvm.dll+0x70a71f]
V  [jvm.dll+0x70a6b7]
V  [jvm.dll+0x70a7f6]
V  [jvm.dll+0x5e821d]
V  [jvm.dll+0x766f7d]
V  [jvm.dll+0x37f089]
V  [jvm.dll+0x749b14]
V  [jvm.dll+0x3ee48d]
V  [jvm.dll+0x3f03c1]
C  [jli.dll+0x51cf]
C  [ucrtbase.DLL+0x1d885]
C  [kernel32.dll+0x1652d]
C  [ntdll.dll+0x2c521]


---------------  P R O C E S S  ---------------

Threads class SMR info:
_java_thread_list=0x000007fed97248e8, length=0, elements={
}

Java Threads: ( => current thread )

Other Threads:
  0x00000000003d4800 GCTaskThread "GC Thread#0" [stack: 0x000000001d3b0000,0x000000001d4b0000] [id=3244]
  0x00000000003de800 ConcurrentGCThread "G1 Main Marker" [stack: 0x000000001d5c0000,0x000000001d6c0000] [id=2484]
  0x00000000003e0000 ConcurrentGCThread "G1 Conc#0" [stack: 0x000000001d880000,0x000000001d980000] [id=272]
  0x000000001f982800 ConcurrentGCThread "G1 Refine#0" [stack: 0x000000001fc70000,0x000000001fd70000] [id=5332]
  0x000000001f983800 ConcurrentGCThread "G1 Young RemSet Sampling" [stack: 0x000000001fda0000,0x000000001fea0000] [id=5348]

=>0x000000000039f800 (exited) JavaThread "Unknown thread" [_thread_in_vm, id=3700, stack(0x0000000002170000,0x0000000002270000)]

Threads with active compile tasks:

VM state:not at safepoint (not fully initialized)

VM Mutex/Monitor currently owned by a thread: None

Heap address: 0x00000000a4a00000, size: 1462 MB, Compressed Oops mode: 32-bit
Narrow klass base: 0x0000000800000000, Narrow klass shift: 3
Compressed class space size: 1073741824 Address: 0x00000008011a0000

GC Heap History (0 events):
No events

Deoptimization events (0 events):
No events

Classes redefined (0 events):
No events

Internal exceptions (0 events):
No events

Events (0 events):
No events


Dynamic libraries:
0x000000013f110000 - 0x000000013f11f000 	C:\Program Files\Java\jdk-12\bin\java.exe
0x0000000076db0000 - 0x0000000076f59000 	C:\Windows\SYSTEM32\ntdll.dll
0x0000000076c90000 - 0x0000000076daf000 	C:\Windows\system32\kernel32.dll
0x000007fefcf60000 - 0x000007fefcfcb000 	C:\Windows\system32\KERNELBASE.dll
0x000007feef310000 - 0x000007feef328000 	C:\Program Files\Java\jdk-12\bin\jli.dll
0x000007fefea80000 - 0x000007fefeb5b000 	C:\Windows\system32\ADVAPI32.dll
0x000007fefeb60000 - 0x000007fefebff000 	C:\Windows\system32\msvcrt.dll
0x000007fefec00000 - 0x000007fefec1f000 	C:\Windows\SYSTEM32\sechost.dll
0x000007fefd0d0000 - 0x000007fefd1fd000 	C:\Windows\system32\RPCRT4.dll
0x000007fefa2b0000 - 0x000007fefa4a4000 	C:\Windows\WinSxS\amd64_microsoft.windows.common-controls_6595b64144ccf1df_6.0.7601.17514_none_fa396087175ac9ac\COMCTL32.dll
0x000007fefd280000 - 0x000007fefd2e7000 	C:\Windows\system32\GDI32.dll
0x0000000076b90000 - 0x0000000076c8a000 	C:\Windows\system32\USER32.dll
0x000007fefd2f0000 - 0x000007fefd2fe000 	C:\Windows\system32\LPK.dll
0x000007fefed60000 - 0x000007fefee29000 	C:\Windows\system32\USP10.dll
0x000007fefdb70000 - 0x000007fefdbe1000 	C:\Windows\system32\SHLWAPI.dll
0x000007fefbd10000 - 0x000007fefbd1c000 	C:\Windows\system32\VERSION.dll
0x000007feefd60000 - 0x000007feefd76000 	C:\Program Files\Java\jdk-12\bin\VCRUNTIME140.dll
0x000007fef4bd0000 - 0x000007fef4bd4000 	C:\Program Files\Java\jdk-12\bin\api-ms-win-crt-runtime-l1-1-0.dll
0x000007fede6d0000 - 0x000007fede7c6000 	C:\Program Files\Java\jdk-12\bin\ucrtbase.DLL
0x000007fef37b0000 - 0x000007fef37b3000 	C:\Program Files\Java\jdk-12\bin\api-ms-win-core-localization-l1-2-0.dll
0x000007fef23b0000 - 0x000007fef23b3000 	C:\Program Files\Java\jdk-12\bin\api-ms-win-core-processthreads-l1-1-1.dll
0x000007fef1e60000 - 0x000007fef1e63000 	C:\Program Files\Java\jdk-12\bin\api-ms-win-core-file-l1-2-0.dll
0x000007fef1dd0000 - 0x000007fef1dd3000 	C:\Program Files\Java\jdk-12\bin\api-ms-win-core-timezone-l1-1-0.dll
0x000007fef1db0000 - 0x000007fef1db3000 	C:\Program Files\Java\jdk-12\bin\api-ms-win-core-file-l2-1-0.dll
0x000007fef1d50000 - 0x000007fef1d53000 	C:\Program Files\Java\jdk-12\bin\api-ms-win-core-synch-l1-2-0.dll
0x000007feefdf0000 - 0x000007feefdf4000 	C:\Program Files\Java\jdk-12\bin\api-ms-win-crt-string-l1-1-0.dll
0x000007feefa00000 - 0x000007feefa03000 	C:\Program Files\Java\jdk-12\bin\api-ms-win-crt-heap-l1-1-0.dll
0x000007feef830000 - 0x000007feef834000 	C:\Program Files\Java\jdk-12\bin\api-ms-win-crt-stdio-l1-1-0.dll
0x000007feeeea0000 - 0x000007feeeea4000 	C:\Program Files\Java\jdk-12\bin\api-ms-win-crt-convert-l1-1-0.dll
0x000007feeeeb0000 - 0x000007feeeeb3000 	C:\Program Files\Java\jdk-12\bin\api-ms-win-crt-environment-l1-1-0.dll
0x000007fee7330000 - 0x000007fee7333000 	C:\Program Files\Java\jdk-12\bin\api-ms-win-crt-filesystem-l1-1-0.dll
0x000007feeee90000 - 0x000007feeee95000 	C:\Program Files\Java\jdk-12\bin\api-ms-win-crt-math-l1-1-0.dll
0x000007fee7310000 - 0x000007fee7313000 	C:\Program Files\Java\jdk-12\bin\api-ms-win-crt-locale-l1-1-0.dll
0x000007feff090000 - 0x000007feff0be000 	C:\Windows\system32\IMM32.DLL
0x000007fefd430000 - 0x000007fefd539000 	C:\Windows\system32\MSCTF.dll
0x000007feddc30000 - 0x000007feddcda000 	C:\Program Files\Java\jdk-12\bin\msvcp140.dll
0x000007fee7320000 - 0x000007fee7325000 	C:\Program Files\Java\jdk-12\bin\api-ms-win-crt-multibyte-l1-1-0.dll
0x000007fee7130000 - 0x000007fee7133000 	C:\Program Files\Java\jdk-12\bin\api-ms-win-crt-time-l1-1-0.dll
0x000007fee7300000 - 0x000007fee7303000 	C:\Program Files\Java\jdk-12\bin\api-ms-win-crt-utility-l1-1-0.dll
0x000007fed8c50000 - 0x000007fed97c4000 	C:\Program Files\Java\jdk-12\bin\server\jvm.dll
0x000007fef6b10000 - 0x000007fef6b19000 	C:\Windows\system32\WSOCK32.dll
0x000007fefd3e0000 - 0x000007fefd42d000 	C:\Windows\system32\WS2_32.dll
0x000007fefed50000 - 0x000007fefed58000 	C:\Windows\system32\NSI.dll
0x000007fef8210000 - 0x000007fef824b000 	C:\Windows\system32\WINMM.dll
0x0000000076f80000 - 0x0000000076f87000 	C:\Windows\system32\PSAPI.DLL
0x000007fee7080000 - 0x000007fee7091000 	C:\Program Files\Java\jdk-12\bin\verify.dll
0x000007fef02b0000 - 0x000007fef03d5000 	C:\Windows\system32\DBGHELP.DLL
0x000007fee7100000 - 0x000007fee7126000 	C:\Program Files\Java\jdk-12\bin\java.dll
0x000007fee7060000 - 0x000007fee7077000 	C:\Program Files\Java\jdk-12\bin\zip.dll
0x000007fee7050000 - 0x000007fee705a000 	C:\Program Files\Java\jdk-12\bin\jimage.dll

dbghelp: loaded successfully - version: 4.0.5 - missing functions: none
symbol engine: initialized successfully - sym options: 0x614 - pdb path: .;C:\Program Files\Java\jdk-12\bin;C:\Windows\SYSTEM32;C:\Windows\WinSxS\amd64_microsoft.windows.common-controls_6595b64144ccf1df_6.0.7601.17514_none_fa396087175ac9ac;C:\Program Files\Java\jdk-12\bin\server

VM Arguments:
java_command: server.jar
java_class_path (initial): server.jar
Launcher Type: SUN_STANDARD

[Global flags]
     intx CICompilerCount                          = 2                                         {product} {ergonomic}
     uint ConcGCThreads                            = 1                                         {product} {ergonomic}
     uint G1ConcRefinementThreads                  = 2                                         {product} {ergonomic}
   size_t G1HeapRegionSize                         = 1048576                                   {product} {ergonomic}
    uintx GCDrainStackTargetSize                   = 64                                        {product} {ergonomic}
   size_t InitialHeapSize                          = 96468992                                  {product} {ergonomic}
   size_t MarkStackSize                            = 4194304                                   {product} {ergonomic}
   size_t MaxHeapSize                              = 1533018112                                {product} {ergonomic}
   size_t MaxNewSize                               = 919601152                                 {product} {ergonomic}
   size_t MinHeapDeltaBytes                        = 1048576                                   {product} {ergonomic}
    uintx NonNMethodCodeHeapSize                   = 5825164                                {pd product} {ergonomic}
    uintx NonProfiledCodeHeapSize                  = 122916538                              {pd product} {ergonomic}
    uintx ProfiledCodeHeapSize                     = 122916538                              {pd product} {ergonomic}
    uintx ReservedCodeCacheSize                    = 251658240                              {pd product} {ergonomic}
     bool SegmentedCodeCache                       = true                                      {product} {ergonomic}
     bool UseCompressedClassPointers               = true                                 {lp64_product} {ergonomic}
     bool UseCompressedOops                        = true                                 {lp64_product} {ergonomic}
     bool UseG1GC                                  = true                                      {product} {ergonomic}
     bool UseLargePagesIndividualAllocation        = false                                  {pd product} {ergonomic}

Logging:
Log output configuration:
 #0: stdout all=warning uptime,level,tags
 #1: stderr all=off uptime,level,tags

Environment Variables:
JAVA_HOME=C:\Program Files\Java\jdk-12
CLASSPATH=:
PATH=C:\Program Files\Java\jdk-12\bin;C:\Program Files\Git\cmd;C:\Program Files\Maven;C:\Program Files\Maven\apache-maven-3.6.1\bin
USERNAME=Maryana
OS=Windows_NT
PROCESSOR_IDENTIFIER=AMD64 Family 18 Model 1 Stepping 0, AuthenticAMD



---------------  S Y S T E M  ---------------

OS: Windows 7 , 64 bit Build 7601 (6.1.7601.17514)

CPU:total 2 (initial active 2) (2 cores per cpu, 1 threads per core) family 18 model 1 stepping 0, cmov, cx8, fxsr, mmx, sse, sse2, sse3, popcnt, mmxext, 3dnowpref, lzcnt, sse4a, tsc, tscinvbit, tscinv

Memory: 4k page, system-wide physical 5844M (883M free)
TotalPageFile size 7627M (AvailPageFile size 4M)
current process WorkingSet (physical memory assigned to process): 11M, peak: 11M
current process commit charge ("private bytes"): 153M, peak: 154M

vm_info: Java HotSpot(TM) 64-Bit Server VM (12+33) for windows-amd64 JRE (12+33), built on Feb 21 2019 02:31:50 by "mach5one" with MS VC++ 15.5 (VS2017)

END.
